12/22/2025, 12:46:40 PM GMT+1 0: 

----------------------------------------------
12/22/2025, 12:46:40 PM GMT+1 1: Discord starting: {"releaseChannel":"stable","version":"0.0.119"}, modulepath: /home/michaels/.config/discord/0.0.119/modules
12/22/2025, 12:46:40 PM GMT+1 2: ✅ webContents.created web1 ""
12/22/2025, 12:46:40 PM GMT+1 3: ✅ window.created win1 "discord"
12/22/2025, 12:46:40 PM GMT+1 4: ✅ webContents.did-finish-load web1
12/22/2025, 12:46:52 PM GMT+1 5: ✅ webContents.created web2 ""
12/22/2025, 12:46:52 PM GMT+1 6: ✅ window.created win2 "Discord"
12/22/2025, 12:46:53 PM GMT+1 7: ✅ webContents.did-finish-load web2
12/22/2025, 12:46:53 PM GMT+1 8: window.close win1
12/22/2025, 12:46:53 PM GMT+1 9: webContents.destroyed web1
12/22/2025, 12:46:53 PM GMT+1 10: window.closed win1
12/22/2025, 12:51:25 PM GMT+1 11: before-quit
12/22/2025, 12:51:25 PM GMT+1 12: window.close win2
12/22/2025, 12:51:26 PM GMT+1 13: webContents.destroyed web2
12/22/2025, 12:51:26 PM GMT+1 14: window.closed win2
12/22/2025, 2:45:30 PM GMT+1 0: 

----------------------------------------------
12/22/2025, 2:45:30 PM GMT+1 1: Discord starting: {"releaseChannel":"stable","version":"0.0.119"}, modulepath: /home/michaels/.config/discord/0.0.119/modules
12/22/2025, 2:45:30 PM GMT+1 2: ✅ webContents.created web1 ""
12/22/2025, 2:45:30 PM GMT+1 3: ✅ window.created win1 "discord"
12/22/2025, 2:45:30 PM GMT+1 4: ✅ webContents.did-finish-load web1
12/22/2025, 2:45:30 PM GMT+1 5: ✅ webContents.created web2 ""
12/22/2025, 2:45:30 PM GMT+1 6: ✅ window.created win2 "Discord"
12/22/2025, 2:45:31 PM GMT+1 7: ✅ webContents.did-finish-load web2
12/22/2025, 2:45:32 PM GMT+1 8: window.close win1
12/22/2025, 2:45:32 PM GMT+1 9: webContents.destroyed web1
12/22/2025, 2:45:32 PM GMT+1 10: window.closed win1
12/22/2025, 2:45:33 PM GMT+1 11: ✅ webContents.did-finish-load web2
12/22/2025, 3:47:17 PM GMT+1 12: window.close win2
12/22/2025, 3:47:29 PM GMT+1 13: before-quit
12/22/2025, 3:47:29 PM GMT+1 14: window.close win2
12/22/2025, 3:47:29 PM GMT+1 15: webContents.destroyed web2
12/22/2025, 3:47:29 PM GMT+1 16: window.closed win2
12/22/2025, 6:02:32 PM GMT+1 0: 

----------------------------------------------
12/22/2025, 6:02:32 PM GMT+1 1: Discord starting: {"releaseChannel":"stable","version":"0.0.119"}, modulepath: /home/michaels/.config/discord/0.0.119/modules
12/22/2025, 6:02:32 PM GMT+1 2: ✅ webContents.created web1 ""
12/22/2025, 6:02:32 PM GMT+1 3: ✅ window.created win1 "discord"
12/22/2025, 6:02:32 PM GMT+1 4: ✅ webContents.did-finish-load web1
12/22/2025, 6:02:32 PM GMT+1 5: ✅ webContents.created web2 ""
12/22/2025, 6:02:32 PM GMT+1 6: ✅ window.created win2 "Discord"
12/22/2025, 6:02:33 PM GMT+1 7: ✅ webContents.did-finish-load web2
12/22/2025, 6:02:34 PM GMT+1 8: window.close win1
12/22/2025, 6:02:34 PM GMT+1 9: webContents.destroyed web1
12/22/2025, 6:02:34 PM GMT+1 10: window.closed win1
12/22/2025, 9:56:58 PM GMT+1 11: window.close win2
12/22/2025, 10:14:24 PM GMT+1 12: before-quit
12/22/2025, 10:14:24 PM GMT+1 13: window.close win2
12/22/2025, 10:14:24 PM GMT+1 14: ❌ child-process-gone {
  type: 'Utility',
  reason: 'killed',
  exitCode: 15,
  serviceName: 'audio.mojom.AudioService',
  name: 'Audio Service'
}
12/22/2025, 10:14:24 PM GMT+1 15: ❌ child-process-gone {
  type: 'Utility',
  reason: 'killed',
  exitCode: 15,
  serviceName: 'network.mojom.NetworkService',
  name: 'Network Service'
}
12/23/2025, 1:54:07 PM GMT+1 0: 

----------------------------------------------
12/23/2025, 1:54:07 PM GMT+1 1: Discord starting: {"releaseChannel":"stable","version":"0.0.119"}, modulepath: /home/michaels/.config/discord/0.0.119/modules
12/23/2025, 1:54:07 PM GMT+1 2: ✅ webContents.created web1 ""
12/23/2025, 1:54:07 PM GMT+1 3: ✅ window.created win1 "discord"
12/23/2025, 1:54:07 PM GMT+1 4: ✅ webContents.did-finish-load web1
12/23/2025, 1:54:07 PM GMT+1 5: ✅ webContents.created web2 ""
12/23/2025, 1:54:07 PM GMT+1 6: ✅ window.created win2 "Discord"
12/23/2025, 1:54:08 PM GMT+1 7: ✅ webContents.did-finish-load web2
12/23/2025, 1:54:09 PM GMT+1 8: window.close win1
12/23/2025, 1:54:09 PM GMT+1 9: webContents.destroyed web1
12/23/2025, 1:54:09 PM GMT+1 10: window.closed win1
12/23/2025, 10:58:44 PM GMT+1 11: window.close win2
12/24/2025, 12:49:23 AM GMT+1 12: before-quit
12/24/2025, 12:49:23 AM GMT+1 13: window.close win2
12/24/2025, 12:49:23 AM GMT+1 14: ❌ child-process-gone {
  type: 'Utility',
  reason: 'killed',
  exitCode: 15,
  serviceName: 'audio.mojom.AudioService',
  name: 'Audio Service'
}
12/24/2025, 12:49:23 AM GMT+1 15: ❌ child-process-gone {
  type: 'Utility',
  reason: 'killed',
  exitCode: 15,
  serviceName: 'network.mojom.NetworkService',
  name: 'Network Service'
}
12/24/2025, 12:49:23 AM GMT+1 16: ❌ render-process-gone { reason: 'killed', exitCode: 15 }
12/24/2025, 12:39:57 PM GMT+1 0: 

----------------------------------------------
12/24/2025, 12:39:57 PM GMT+1 1: Discord starting: {"releaseChannel":"stable","version":"0.0.119"}, modulepath: /home/michaels/.config/discord/0.0.119/modules
12/24/2025, 12:39:57 PM GMT+1 2: ✅ webContents.created web1 ""
12/24/2025, 12:39:57 PM GMT+1 3: ✅ window.created win1 "discord"
12/24/2025, 12:39:57 PM GMT+1 4: ✅ webContents.did-finish-load web1
12/24/2025, 12:39:58 PM GMT+1 5: ✅ webContents.created web2 ""
12/24/2025, 12:39:58 PM GMT+1 6: ✅ window.created win2 "Discord"
12/24/2025, 12:39:58 PM GMT+1 7: ✅ webContents.did-finish-load web2
12/24/2025, 12:39:59 PM GMT+1 8: window.close win1
12/24/2025, 12:39:59 PM GMT+1 9: webContents.destroyed web1
12/24/2025, 12:39:59 PM GMT+1 10: window.closed win1
12/24/2025, 1:39:59 PM GMT+1 11: before-quit
12/24/2025, 1:39:59 PM GMT+1 12: window.close win2
12/24/2025, 1:39:59 PM GMT+1 13: ❌ child-process-gone {
  type: 'Utility',
  reason: 'killed',
  exitCode: 15,
  serviceName: 'audio.mojom.AudioService',
  name: 'Audio Service'
}
12/26/2025, 1:02:51 PM GMT+1 0: 

----------------------------------------------
12/26/2025, 1:02:51 PM GMT+1 1: Discord starting: {"releaseChannel":"stable","version":"0.0.119"}, modulepath: /home/michaels/.config/discord/0.0.119/modules
12/26/2025, 1:02:51 PM GMT+1 2: ✅ webContents.created web1 ""
12/26/2025, 1:02:51 PM GMT+1 3: ✅ window.created win1 "discord"
12/26/2025, 1:02:51 PM GMT+1 4: ✅ webContents.did-finish-load web1
12/26/2025, 1:02:52 PM GMT+1 5: ✅ webContents.created web2 ""
12/26/2025, 1:02:52 PM GMT+1 6: ✅ window.created win2 "Discord"
12/26/2025, 1:02:53 PM GMT+1 7: ✅ webContents.did-finish-load web2
12/26/2025, 1:02:53 PM GMT+1 8: window.close win1
12/26/2025, 1:02:53 PM GMT+1 9: webContents.destroyed web1
12/26/2025, 1:02:53 PM GMT+1 10: window.closed win1
12/26/2025, 1:14:26 PM GMT+1 11: window.close win2
12/26/2025, 2:23:12 PM GMT+1 12: before-quit
12/26/2025, 2:23:12 PM GMT+1 13: window.close win2
12/26/2025, 2:23:12 PM GMT+1 14: ❌ child-process-gone {
  type: 'Utility',
  reason: 'killed',
  exitCode: 15,
  serviceName: 'audio.mojom.AudioService',
  name: 'Audio Service'
}
12/26/2025, 2:23:12 PM GMT+1 15: ❌ child-process-gone {
  type: 'Utility',
  reason: 'killed',
  exitCode: 15,
  serviceName: 'network.mojom.NetworkService',
  name: 'Network Service'
}
12/28/2025, 1:15:58 PM GMT+1 0: 

----------------------------------------------
12/28/2025, 1:15:58 PM GMT+1 1: Discord starting: {"releaseChannel":"stable","version":"0.0.119"}, modulepath: /home/michaels/.config/discord/0.0.119/modules
12/28/2025, 1:15:58 PM GMT+1 2: ✅ webContents.created web1 ""
12/28/2025, 1:15:58 PM GMT+1 3: ✅ window.created win1 "discord"
12/28/2025, 1:15:59 PM GMT+1 4: ✅ webContents.did-finish-load web1
12/28/2025, 1:15:59 PM GMT+1 5: ✅ webContents.created web2 ""
12/28/2025, 1:15:59 PM GMT+1 6: ✅ window.created win2 "Discord"
12/28/2025, 1:16:00 PM GMT+1 7: ✅ webContents.did-finish-load web2
12/28/2025, 1:16:00 PM GMT+1 8: window.close win1
12/28/2025, 1:16:00 PM GMT+1 9: webContents.destroyed web1
12/28/2025, 1:16:00 PM GMT+1 10: window.closed win1
12/28/2025, 4:48:43 PM GMT+1 11: before-quit
12/28/2025, 4:48:43 PM GMT+1 12: window.close win2
12/28/2025, 4:48:43 PM GMT+1 13: ❌ child-process-gone {
  type: 'Utility',
  reason: 'killed',
  exitCode: 15,
  serviceName: 'audio.mojom.AudioService',
  name: 'Audio Service'
}
12/28/2025, 4:48:43 PM GMT+1 14: ❌ child-process-gone {
  type: 'Utility',
  reason: 'killed',
  exitCode: 15,
  serviceName: 'network.mojom.NetworkService',
  name: 'Network Service'
}
12/28/2025, 7:01:58 PM GMT+1 0: 

----------------------------------------------
12/28/2025, 7:01:58 PM GMT+1 1: Discord starting: {"releaseChannel":"stable","version":"0.0.119"}, modulepath: /home/michaels/.config/discord/0.0.119/modules
12/28/2025, 7:01:58 PM GMT+1 2: ✅ webContents.created web1 ""
12/28/2025, 7:01:58 PM GMT+1 3: ✅ window.created win1 "discord"
12/28/2025, 7:01:58 PM GMT+1 4: ✅ webContents.did-finish-load web1
12/28/2025, 7:01:58 PM GMT+1 5: ✅ webContents.created web2 ""
12/28/2025, 7:01:58 PM GMT+1 6: ✅ window.created win2 "Discord"
12/28/2025, 7:01:59 PM GMT+1 7: ✅ webContents.did-finish-load web2
12/28/2025, 7:02:00 PM GMT+1 8: window.close win1
12/28/2025, 7:02:00 PM GMT+1 9: webContents.destroyed web1
12/28/2025, 7:02:00 PM GMT+1 10: window.closed win1
12/28/2025, 11:47:37 PM GMT+1 11: window.close win2
12/29/2025, 12:38:09 AM GMT+1 12: before-quit
12/29/2025, 12:38:09 AM GMT+1 13: window.close win2
12/29/2025, 12:38:09 AM GMT+1 14: ❌ child-process-gone {
  type: 'Utility',
  reason: 'killed',
  exitCode: 15,
  serviceName: 'audio.mojom.AudioService',
  name: 'Audio Service'
}
12/29/2025, 12:38:09 AM GMT+1 15: ❌ child-process-gone {
  type: 'Utility',
  reason: 'killed',
  exitCode: 15,
  serviceName: 'network.mojom.NetworkService',
  name: 'Network Service'
}
12/29/2025, 12:38:09 AM GMT+1 16: ❌ render-process-gone { reason: 'killed', exitCode: 15 }
12/29/2025, 12:54:13 PM GMT+1 0: 

----------------------------------------------
12/29/2025, 12:54:13 PM GMT+1 1: Discord starting: {"releaseChannel":"stable","version":"0.0.119"}, modulepath: /home/michaels/.config/discord/0.0.119/modules
12/29/2025, 12:54:13 PM GMT+1 2: ✅ webContents.created web1 ""
12/29/2025, 12:54:13 PM GMT+1 3: ✅ window.created win1 "discord"
12/29/2025, 12:54:13 PM GMT+1 4: ✅ webContents.did-finish-load web1
12/29/2025, 12:54:13 PM GMT+1 5: ✅ webContents.created web2 ""
12/29/2025, 12:54:13 PM GMT+1 6: ✅ window.created win2 "Discord"
12/29/2025, 12:54:14 PM GMT+1 7: ✅ webContents.did-finish-load web2
12/29/2025, 12:54:15 PM GMT+1 8: window.close win1
12/29/2025, 12:54:15 PM GMT+1 9: webContents.destroyed web1
12/29/2025, 12:54:15 PM GMT+1 10: window.closed win1
12/29/2025, 1:18:47 PM GMT+1 11: window.close win2
12/29/2025, 1:19:09 PM GMT+1 0: 

----------------------------------------------
12/29/2025, 1:19:09 PM GMT+1 1: Discord starting: {"releaseChannel":"stable","version":"0.0.119"}, modulepath: /home/michaels/.config/discord/0.0.119/modules
12/29/2025, 3:14:43 PM GMT+1 12: before-quit
12/29/2025, 3:14:43 PM GMT+1 13: window.close win2
12/29/2025, 3:14:43 PM GMT+1 14: ❌ child-process-gone {
  type: 'Utility',
  reason: 'killed',
  exitCode: 15,
  serviceName: 'audio.mojom.AudioService',
  name: 'Audio Service'
}
12/29/2025, 3:14:43 PM GMT+1 15: ❌ child-process-gone {
  type: 'Utility',
  reason: 'killed',
  exitCode: 15,
  serviceName: 'network.mojom.NetworkService',
  name: 'Network Service'
}
12/29/2025, 3:20:16 PM GMT+1 0: 

----------------------------------------------
12/29/2025, 3:20:16 PM GMT+1 1: Discord starting: {"releaseChannel":"stable","version":"0.0.119"}, modulepath: /home/michaels/.config/discord/0.0.119/modules
12/29/2025, 3:20:16 PM GMT+1 2: ✅ webContents.created web1 ""
12/29/2025, 3:20:16 PM GMT+1 3: ✅ window.created win1 "discord"
12/29/2025, 3:20:16 PM GMT+1 4: ✅ webContents.did-finish-load web1
12/29/2025, 3:20:17 PM GMT+1 5: ✅ webContents.created web2 ""
12/29/2025, 3:20:17 PM GMT+1 6: ✅ window.created win2 "Discord"
12/29/2025, 3:20:18 PM GMT+1 7: ✅ webContents.did-finish-load web2
12/29/2025, 3:20:18 PM GMT+1 8: window.close win1
12/29/2025, 3:20:18 PM GMT+1 9: webContents.destroyed web1
12/29/2025, 3:20:18 PM GMT+1 10: window.closed win1
12/29/2025, 4:50:28 PM GMT+1 0: 

----------------------------------------------
12/29/2025, 4:50:28 PM GMT+1 1: Discord starting: {"releaseChannel":"stable","version":"0.0.119"}, modulepath: /home/michaels/.config/discord/0.0.119/modules
12/29/2025, 4:50:28 PM GMT+1 2: ✅ webContents.created web1 ""
12/29/2025, 4:50:28 PM GMT+1 3: ✅ window.created win1 "discord"
12/29/2025, 4:50:28 PM GMT+1 4: ✅ webContents.did-finish-load web1
12/29/2025, 4:50:28 PM GMT+1 5: ✅ webContents.created web2 ""
12/29/2025, 4:50:28 PM GMT+1 6: ✅ window.created win2 "Discord"
12/29/2025, 4:50:29 PM GMT+1 7: ✅ webContents.did-finish-load web2
12/29/2025, 4:50:30 PM GMT+1 8: window.close win1
12/29/2025, 4:50:30 PM GMT+1 9: webContents.destroyed web1
12/29/2025, 4:50:30 PM GMT+1 10: window.closed win1
12/29/2025, 4:58:37 PM GMT+1 11: window.close win2
12/29/2025, 6:03:49 PM GMT+1 0: 

----------------------------------------------
12/29/2025, 6:03:49 PM GMT+1 1: Discord starting: {"releaseChannel":"stable","version":"0.0.119"}, modulepath: /home/michaels/.config/discord/0.0.119/modules
12/29/2025, 6:03:54 PM GMT+1 12: window.close win2
12/29/2025, 9:28:59 PM GMT+1 0: 

----------------------------------------------
12/29/2025, 9:28:59 PM GMT+1 1: Discord starting: {"releaseChannel":"stable","version":"0.0.119"}, modulepath: /home/michaels/.config/discord/0.0.119/modules
12/29/2025, 9:29:44 PM GMT+1 13: window.close win2
12/29/2025, 9:29:51 PM GMT+1 0: 

----------------------------------------------
12/29/2025, 9:29:51 PM GMT+1 1: Discord starting: {"releaseChannel":"stable","version":"0.0.119"}, modulepath: /home/michaels/.config/discord/0.0.119/modules
12/29/2025, 11:10:07 PM GMT+1 14: window.close win2
12/30/2025, 1:09:03 AM GMT+1 15: before-quit
12/30/2025, 1:09:03 AM GMT+1 16: window.close win2
12/30/2025, 1:40:58 PM GMT+1 0: 

----------------------------------------------
12/30/2025, 1:40:58 PM GMT+1 1: Discord starting: {"releaseChannel":"stable","version":"0.0.119"}, modulepath: /home/michaels/.config/discord/0.0.119/modules
12/30/2025, 1:40:58 PM GMT+1 2: ✅ webContents.created web1 ""
12/30/2025, 1:40:58 PM GMT+1 3: ✅ window.created win1 "discord"
12/30/2025, 1:40:58 PM GMT+1 4: ✅ webContents.did-finish-load web1
12/30/2025, 1:40:59 PM GMT+1 5: ✅ webContents.created web2 ""
12/30/2025, 1:40:59 PM GMT+1 6: ✅ window.created win2 "Discord"
12/30/2025, 1:41:00 PM GMT+1 7: ✅ webContents.did-finish-load web2
12/30/2025, 1:41:00 PM GMT+1 8: window.close win1
12/30/2025, 1:41:00 PM GMT+1 9: webContents.destroyed web1
12/30/2025, 1:41:00 PM GMT+1 10: window.closed win1
12/30/2025, 7:36:54 PM GMT+1 0: 

----------------------------------------------
12/30/2025, 7:36:54 PM GMT+1 1: Discord starting: {"releaseChannel":"stable","version":"0.0.119"}, modulepath: /home/michaels/.config/discord/0.0.119/modules
12/31/2025, 12:26:17 AM GMT+1 11: window.close win2
12/31/2025, 1:38:05 AM GMT+1 12: before-quit
12/31/2025, 1:38:05 AM GMT+1 13: window.close win2
12/31/2025, 12:15:41 PM GMT+1 0: 

----------------------------------------------
12/31/2025, 12:15:41 PM GMT+1 1: Discord starting: {"releaseChannel":"stable","version":"0.0.119"}, modulepath: /home/michaels/.config/discord/0.0.119/modules
12/31/2025, 12:15:41 PM GMT+1 2: ✅ webContents.created web1 ""
12/31/2025, 12:15:41 PM GMT+1 3: ✅ window.created win1 "discord"
12/31/2025, 12:15:41 PM GMT+1 4: ✅ webContents.did-finish-load web1
12/31/2025, 12:15:42 PM GMT+1 5: ✅ webContents.created web2 ""
12/31/2025, 12:15:42 PM GMT+1 6: ✅ window.created win2 "Discord"
12/31/2025, 12:15:42 PM GMT+1 7: ✅ webContents.did-finish-load web2
12/31/2025, 12:15:43 PM GMT+1 8: window.close win1
12/31/2025, 12:15:43 PM GMT+1 9: webContents.destroyed web1
12/31/2025, 12:15:43 PM GMT+1 10: window.closed win1
12/31/2025, 6:33:55 PM GMT+1 11: window.close win2
12/31/2025, 6:33:59 PM GMT+1 12: before-quit
12/31/2025, 6:33:59 PM GMT+1 13: window.close win2
1/1/2026, 12:37:03 PM GMT+1 0: 

----------------------------------------------
1/1/2026, 12:37:03 PM GMT+1 1: Discord starting: {"releaseChannel":"stable","version":"0.0.119"}, modulepath: /home/michaels/.config/discord/0.0.119/modules
1/1/2026, 12:37:03 PM GMT+1 2: ✅ webContents.created web1 ""
1/1/2026, 12:37:03 PM GMT+1 3: ✅ window.created win1 "discord"
1/1/2026, 12:37:03 PM GMT+1 4: ✅ webContents.did-finish-load web1
1/1/2026, 12:37:03 PM GMT+1 5: ✅ webContents.created web2 ""
1/1/2026, 12:37:03 PM GMT+1 6: ✅ window.created win2 "Discord"
1/1/2026, 12:37:04 PM GMT+1 7: ✅ webContents.did-finish-load web2
1/1/2026, 12:37:05 PM GMT+1 8: window.close win1
1/1/2026, 12:37:05 PM GMT+1 9: webContents.destroyed web1
1/1/2026, 12:37:05 PM GMT+1 10: window.closed win1
1/1/2026, 6:16:29 PM GMT+1 11: window.close win2
1/1/2026, 6:16:44 PM GMT+1 12: ❌ render-process-gone { reason: 'killed', exitCode: 9 }
1/1/2026, 6:16:44 PM GMT+1 13: before-quit
1/1/2026, 6:17:02 PM GMT+1 0: 

----------------------------------------------
1/1/2026, 6:17:02 PM GMT+1 1: Discord starting: {"releaseChannel":"stable","version":"0.0.119"}, modulepath: /home/michaels/.config/discord/0.0.119/modules
1/1/2026, 6:17:02 PM GMT+1 2: ✅ webContents.created web1 ""
1/1/2026, 6:17:02 PM GMT+1 3: ✅ window.created win1 "discord"
1/1/2026, 6:17:02 PM GMT+1 4: ✅ webContents.did-finish-load web1
1/1/2026, 6:17:02 PM GMT+1 5: ✅ webContents.created web2 ""
1/1/2026, 6:17:02 PM GMT+1 6: ✅ window.created win2 "Discord"
1/1/2026, 6:17:03 PM GMT+1 7: ✅ webContents.did-finish-load web2
1/1/2026, 6:17:04 PM GMT+1 8: window.close win1
1/1/2026, 6:17:04 PM GMT+1 9: webContents.destroyed web1
1/1/2026, 6:17:04 PM GMT+1 10: window.closed win1
1/1/2026, 9:31:33 PM GMT+1 11: window.close win2
1/2/2026, 4:51:42 PM GMT+1 0: 

----------------------------------------------
1/2/2026, 4:51:42 PM GMT+1 1: Discord starting: {"releaseChannel":"stable","version":"0.0.119"}, modulepath: /home/michaels/.config/discord/0.0.119/modules
1/2/2026, 4:51:42 PM GMT+1 2: ✅ webContents.created web1 ""
1/2/2026, 4:51:42 PM GMT+1 3: ✅ window.created win1 "discord"
1/2/2026, 4:51:42 PM GMT+1 4: ✅ webContents.did-finish-load web1
1/2/2026, 4:51:43 PM GMT+1 5: ✅ webContents.created web2 ""
1/2/2026, 4:51:43 PM GMT+1 6: ✅ window.created win2 "Discord"
1/2/2026, 4:51:44 PM GMT+1 7: ✅ webContents.did-finish-load web2
1/2/2026, 4:51:44 PM GMT+1 8: window.close win1
1/2/2026, 4:51:44 PM GMT+1 9: webContents.destroyed web1
1/2/2026, 4:51:44 PM GMT+1 10: window.closed win1
1/2/2026, 6:04:45 PM GMT+1 11: window.close win2
1/2/2026, 7:27:31 PM GMT+1 0: 

----------------------------------------------
1/2/2026, 7:27:31 PM GMT+1 1: Discord starting: {"releaseChannel":"stable","version":"0.0.119"}, modulepath: /home/michaels/.config/discord/0.0.119/modules
1/2/2026, 8:42:10 PM GMT+1 12: before-quit
1/2/2026, 8:42:10 PM GMT+1 13: window.close win2
1/2/2026, 8:42:10 PM GMT+1 14: ❌ child-process-gone {
  type: 'Utility',
  reason: 'killed',
  exitCode: 15,
  serviceName: 'video_capture.mojom.VideoCaptureService',
  name: 'Video Capture'
}
1/2/2026, 8:58:34 PM GMT+1 0: 

----------------------------------------------
1/2/2026, 8:58:34 PM GMT+1 1: Discord starting: {"releaseChannel":"stable","version":"0.0.119"}, modulepath: /home/michaels/.config/discord/0.0.119/modules
1/2/2026, 8:58:34 PM GMT+1 2: ✅ webContents.created web1 ""
1/2/2026, 8:58:34 PM GMT+1 3: ✅ window.created win1 "discord"
1/2/2026, 8:58:34 PM GMT+1 4: ✅ webContents.did-finish-load web1
1/2/2026, 8:58:34 PM GMT+1 5: ✅ webContents.created web2 ""
1/2/2026, 8:58:34 PM GMT+1 6: ✅ window.created win2 "Discord"
1/2/2026, 8:58:35 PM GMT+1 7: ✅ webContents.did-finish-load web2
1/2/2026, 8:58:36 PM GMT+1 8: window.close win1
1/2/2026, 8:58:36 PM GMT+1 9: webContents.destroyed web1
1/2/2026, 8:58:36 PM GMT+1 10: window.closed win1
1/2/2026, 8:58:49 PM GMT+1 11: window.close win2
1/2/2026, 8:59:11 PM GMT+1 0: 

----------------------------------------------
1/2/2026, 8:59:11 PM GMT+1 1: Discord starting: {"releaseChannel":"stable","version":"0.0.119"}, modulepath: /home/michaels/.config/discord/0.0.119/modules
1/2/2026, 10:43:40 PM GMT+1 12: window.close win2
1/3/2026, 1:08:26 AM GMT+1 13: before-quit
1/3/2026, 1:08:26 AM GMT+1 14: window.close win2
1/3/2026, 1:08:26 AM GMT+1 15: ❌ child-process-gone {
  type: 'Utility',
  reason: 'killed',
  exitCode: 15,
  serviceName: 'audio.mojom.AudioService',
  name: 'Audio Service'
}
1/3/2026, 1:08:26 AM GMT+1 16: ❌ child-process-gone {
  type: 'Utility',
  reason: 'killed',
  exitCode: 15,
  serviceName: 'video_capture.mojom.VideoCaptureService',
  name: 'Video Capture'
}
1/3/2026, 12:03:24 PM GMT+1 0: 

----------------------------------------------
1/3/2026, 12:03:24 PM GMT+1 1: Discord starting: {"releaseChannel":"stable","version":"0.0.119"}, modulepath: /home/michaels/.config/discord/0.0.119/modules
1/3/2026, 12:03:24 PM GMT+1 2: ✅ webContents.created web1 ""
1/3/2026, 12:03:24 PM GMT+1 3: ✅ window.created win1 "discord"
1/3/2026, 12:03:24 PM GMT+1 4: ✅ webContents.did-finish-load web1
1/3/2026, 12:03:24 PM GMT+1 5: ✅ webContents.created web2 ""
1/3/2026, 12:03:24 PM GMT+1 6: ✅ window.created win2 "Discord"
1/3/2026, 12:03:25 PM GMT+1 7: ✅ webContents.did-finish-load web2
1/3/2026, 12:03:25 PM GMT+1 8: window.close win1
1/3/2026, 12:03:25 PM GMT+1 9: webContents.destroyed web1
1/3/2026, 12:03:25 PM GMT+1 10: window.closed win1
1/3/2026, 11:26:09 PM GMT+1 11: window.close win2
1/3/2026, 11:36:14 PM GMT+1 12: window.close win2
1/3/2026, 11:48:16 PM GMT+1 0: 

----------------------------------------------
1/3/2026, 11:48:16 PM GMT+1 1: Discord starting: {"releaseChannel":"stable","version":"0.0.119"}, modulepath: /home/michaels/.config/discord/0.0.119/modules
1/3/2026, 11:48:21 PM GMT+1 13: window.close win2
1/4/2026, 12:07:17 AM GMT+1 0: 

----------------------------------------------
1/4/2026, 12:07:17 AM GMT+1 1: Discord starting: {"releaseChannel":"stable","version":"0.0.119"}, modulepath: /home/michaels/.config/discord/0.0.119/modules
1/4/2026, 12:15:38 AM GMT+1 14: window.close win2
1/4/2026, 12:20:45 AM GMT+1 15: ❌ render-process-gone { reason: 'killed', exitCode: 9 }
1/4/2026, 12:20:45 AM GMT+1 16: before-quit
1/4/2026, 12:23:33 AM GMT+1 0: 

----------------------------------------------
1/4/2026, 12:23:33 AM GMT+1 1: Discord starting: {"releaseChannel":"stable","version":"0.0.119"}, modulepath: /home/michaels/.config/discord/0.0.119/modules
1/4/2026, 12:23:33 AM GMT+1 2: ✅ webContents.created web1 ""
1/4/2026, 12:23:33 AM GMT+1 3: ✅ window.created win1 "discord"
1/4/2026, 12:23:34 AM GMT+1 4: ✅ webContents.did-finish-load web1
1/4/2026, 12:23:34 AM GMT+1 5: ✅ webContents.created web2 ""
1/4/2026, 12:23:34 AM GMT+1 6: ✅ window.created win2 "Discord"
1/4/2026, 12:23:35 AM GMT+1 7: ✅ webContents.did-finish-load web2
1/4/2026, 12:23:35 AM GMT+1 8: window.close win1
1/4/2026, 12:23:35 AM GMT+1 9: webContents.destroyed web1
1/4/2026, 12:23:35 AM GMT+1 10: window.closed win1
1/4/2026, 12:42:33 AM GMT+1 11: window.close win2
1/4/2026, 12:42:37 AM GMT+1 12: before-quit
1/4/2026, 12:42:37 AM GMT+1 13: window.close win2
1/4/2026, 12:42:37 AM GMT+1 14: ❌ child-process-gone {
  type: 'Utility',
  reason: 'killed',
  exitCode: 15,
  serviceName: 'audio.mojom.AudioService',
  name: 'Audio Service'
}
1/4/2026, 12:42:37 AM GMT+1 15: ❌ child-process-gone {
  type: 'Utility',
  reason: 'killed',
  exitCode: 15,
  serviceName: 'video_capture.mojom.VideoCaptureService',
  name: 'Video Capture'
}
1/4/2026, 12:43:10 PM GMT+1 0: 

----------------------------------------------
1/4/2026, 12:43:10 PM GMT+1 1: Discord starting: {"releaseChannel":"stable","version":"0.0.119"}, modulepath: /home/michaels/.config/discord/0.0.119/modules
1/4/2026, 12:43:10 PM GMT+1 2: ✅ webContents.created web1 ""
1/4/2026, 12:43:10 PM GMT+1 3: ✅ window.created win1 "discord"
1/4/2026, 12:43:10 PM GMT+1 4: ✅ webContents.did-finish-load web1
1/4/2026, 12:43:10 PM GMT+1 5: ✅ webContents.created web2 ""
1/4/2026, 12:43:10 PM GMT+1 6: ✅ window.created win2 "Discord"
1/4/2026, 12:43:11 PM GMT+1 7: ✅ webContents.did-finish-load web2
1/4/2026, 12:43:12 PM GMT+1 8: window.close win1
1/4/2026, 12:43:12 PM GMT+1 9: webContents.destroyed web1
1/4/2026, 12:43:12 PM GMT+1 10: window.closed win1
1/4/2026, 12:59:40 PM GMT+1 11: window.close win2
1/4/2026, 1:08:30 PM GMT+1 0: 

----------------------------------------------
1/4/2026, 1:08:30 PM GMT+1 1: Discord starting: {"releaseChannel":"stable","version":"0.0.119"}, modulepath: /home/michaels/.config/discord/0.0.119/modules
1/4/2026, 2:18:07 PM GMT+1 12: ✅ webContents.created web3 ""
1/4/2026, 2:18:07 PM GMT+1 13: ✅ window.created win3 "Discord Popout"
1/4/2026, 2:18:07 PM GMT+1 14: ✅ webContents.did-finish-load web3
1/4/2026, 2:18:13 PM GMT+1 15: window.close win3
1/4/2026, 2:18:13 PM GMT+1 16: window.close win3
1/4/2026, 2:18:13 PM GMT+1 17: webContents.destroyed web3
1/4/2026, 2:18:13 PM GMT+1 18: window.closed win3
1/4/2026, 10:46:20 PM GMT+1 19: window.close win2
1/5/2026, 12:46:24 AM GMT+1 0: 

----------------------------------------------
1/5/2026, 12:46:24 AM GMT+1 1: Discord starting: {"releaseChannel":"stable","version":"0.0.119"}, modulepath: /home/michaels/.config/discord/0.0.119/modules
1/5/2026, 12:46:27 AM GMT+1 20: window.close win2
1/5/2026, 1:34:03 AM GMT+1 21: before-quit
1/5/2026, 1:34:03 AM GMT+1 22: window.close win2
1/5/2026, 1:34:03 AM GMT+1 23: ❌ child-process-gone {
  type: 'Utility',
  reason: 'killed',
  exitCode: 15,
  serviceName: 'audio.mojom.AudioService',
  name: 'Audio Service'
}
1/5/2026, 3:33:34 PM GMT+1 0: 

----------------------------------------------
1/5/2026, 3:33:34 PM GMT+1 1: Discord starting: {"releaseChannel":"stable","version":"0.0.119"}, modulepath: /home/michaels/.config/discord/0.0.119/modules
1/5/2026, 3:33:34 PM GMT+1 2: ✅ webContents.created web1 ""
1/5/2026, 3:33:34 PM GMT+1 3: ✅ window.created win1 "discord"
1/5/2026, 3:33:35 PM GMT+1 4: ✅ webContents.did-finish-load web1
1/5/2026, 3:33:35 PM GMT+1 5: ✅ webContents.created web2 ""
1/5/2026, 3:33:35 PM GMT+1 6: ✅ window.created win2 "Discord"
1/5/2026, 3:33:36 PM GMT+1 7: ✅ webContents.did-finish-load web2
1/5/2026, 3:33:36 PM GMT+1 8: window.close win1
1/5/2026, 3:33:36 PM GMT+1 9: webContents.destroyed web1
1/5/2026, 3:33:36 PM GMT+1 10: window.closed win1
1/5/2026, 10:53:54 PM GMT+1 11: window.close win2
1/5/2026, 11:04:46 PM GMT+1 0: 

----------------------------------------------
1/5/2026, 11:04:46 PM GMT+1 1: Discord starting: {"releaseChannel":"stable","version":"0.0.119"}, modulepath: /home/michaels/.config/discord/0.0.119/modules
1/5/2026, 11:05:03 PM GMT+1 12: window.close win2
1/6/2026, 5:33:18 PM GMT+1 0: 

----------------------------------------------
1/6/2026, 5:33:18 PM GMT+1 1: Discord starting: {"releaseChannel":"stable","version":"0.0.119"}, modulepath: /home/michaels/.config/discord/0.0.119/modules
1/6/2026, 5:33:18 PM GMT+1 2: ✅ webContents.created web1 ""
1/6/2026, 5:33:18 PM GMT+1 3: ✅ window.created win1 "discord"
1/6/2026, 5:33:18 PM GMT+1 4: ✅ webContents.did-finish-load web1
1/6/2026, 5:33:18 PM GMT+1 5: ✅ webContents.created web2 ""
1/6/2026, 5:33:18 PM GMT+1 6: ✅ window.created win2 "Discord"
1/6/2026, 5:33:19 PM GMT+1 7: ✅ webContents.did-finish-load web2
1/6/2026, 5:33:20 PM GMT+1 8: window.close win1
1/6/2026, 5:33:20 PM GMT+1 9: webContents.destroyed web1
1/6/2026, 5:33:20 PM GMT+1 10: window.closed win1
1/6/2026, 10:51:19 PM GMT+1 11: before-quit
1/6/2026, 10:51:19 PM GMT+1 12: window.close win2
1/7/2026, 6:17:36 PM GMT+1 0: 

----------------------------------------------
1/7/2026, 6:17:36 PM GMT+1 1: Discord starting: {"releaseChannel":"stable","version":"0.0.119"}, modulepath: /home/michaels/.config/discord/0.0.119/modules
1/7/2026, 6:17:36 PM GMT+1 2: ✅ webContents.created web1 ""
1/7/2026, 6:17:36 PM GMT+1 3: ✅ window.created win1 "discord"
1/7/2026, 6:17:36 PM GMT+1 4: ✅ webContents.did-finish-load web1
1/7/2026, 6:17:37 PM GMT+1 5: ✅ webContents.created web2 ""
1/7/2026, 6:17:37 PM GMT+1 6: ✅ window.created win2 "Discord"
1/7/2026, 6:17:38 PM GMT+1 7: ✅ webContents.did-finish-load web2
1/7/2026, 6:17:39 PM GMT+1 8: window.close win1
1/7/2026, 6:17:39 PM GMT+1 9: webContents.destroyed web1
1/7/2026, 6:17:39 PM GMT+1 10: window.closed win1
1/7/2026, 10:37:00 PM GMT+1 11: before-quit
1/7/2026, 10:37:00 PM GMT+1 12: window.close win2
1/7/2026, 10:37:00 PM GMT+1 13: ❌ child-process-gone {
  type: 'Utility',
  reason: 'killed',
  exitCode: 15,
  serviceName: 'audio.mojom.AudioService',
  name: 'Audio Service'
}
1/8/2026, 3:11:22 PM GMT+1 0: 

----------------------------------------------
1/8/2026, 3:11:22 PM GMT+1 1: Discord starting: {"releaseChannel":"stable","version":"0.0.119"}, modulepath: /home/michaels/.config/discord/0.0.119/modules
1/8/2026, 3:11:22 PM GMT+1 2: ✅ webContents.created web1 ""
1/8/2026, 3:11:22 PM GMT+1 3: ✅ window.created win1 "discord"
1/8/2026, 3:11:22 PM GMT+1 4: ✅ webContents.did-finish-load web1
1/8/2026, 3:11:23 PM GMT+1 5: ✅ webContents.created web2 ""
1/8/2026, 3:11:23 PM GMT+1 6: ✅ window.created win2 "Discord"
1/8/2026, 3:11:24 PM GMT+1 7: ✅ webContents.did-finish-load web2
1/8/2026, 3:11:24 PM GMT+1 8: window.close win1
1/8/2026, 3:11:24 PM GMT+1 9: webContents.destroyed web1
1/8/2026, 3:11:24 PM GMT+1 10: window.closed win1
1/8/2026, 10:16:59 PM GMT+1 11: before-quit
1/8/2026, 10:16:59 PM GMT+1 12: window.close win2
1/8/2026, 10:16:59 PM GMT+1 13: ❌ child-process-gone {
  type: 'Utility',
  reason: 'killed',
  exitCode: 15,
  serviceName: 'audio.mojom.AudioService',
  name: 'Audio Service'
}
1/9/2026, 1:21:58 PM GMT+1 0: 

----------------------------------------------
1/9/2026, 1:21:58 PM GMT+1 1: Discord starting: {"releaseChannel":"stable","version":"0.0.119"}, modulepath: /home/michaels/.config/discord/0.0.119/modules
1/9/2026, 1:21:58 PM GMT+1 2: ✅ webContents.created web1 ""
1/9/2026, 1:21:58 PM GMT+1 3: ✅ window.created win1 "discord"
1/9/2026, 1:21:58 PM GMT+1 4: ✅ webContents.did-finish-load web1
1/9/2026, 1:21:59 PM GMT+1 5: ✅ webContents.created web2 ""
1/9/2026, 1:21:59 PM GMT+1 6: ✅ window.created win2 "Discord"
1/9/2026, 1:22:00 PM GMT+1 7: ✅ webContents.did-finish-load web2
1/9/2026, 1:22:00 PM GMT+1 8: window.close win1
1/9/2026, 1:22:00 PM GMT+1 9: webContents.destroyed web1
1/9/2026, 1:22:00 PM GMT+1 10: window.closed win1
1/9/2026, 10:57:00 PM GMT+1 11: window.close win2
1/10/2026, 12:01:54 AM GMT+1 0: 

----------------------------------------------
1/10/2026, 12:01:54 AM GMT+1 1: Discord starting: {"releaseChannel":"stable","version":"0.0.119"}, modulepath: /home/michaels/.config/discord/0.0.119/modules
1/10/2026, 12:01:59 AM GMT+1 12: window.close win2
1/10/2026, 12:02:06 AM GMT+1 0: 

----------------------------------------------
1/10/2026, 12:02:06 AM GMT+1 1: Discord starting: {"releaseChannel":"stable","version":"0.0.119"}, modulepath: /home/michaels/.config/discord/0.0.119/modules
1/10/2026, 2:33:29 AM GMT+1 13: before-quit
1/10/2026, 2:33:29 AM GMT+1 14: window.close win2
1/10/2026, 2:33:29 AM GMT+1 15: ❌ child-process-gone {
  type: 'Utility',
  reason: 'killed',
  exitCode: 15,
  serviceName: 'audio.mojom.AudioService',
  name: 'Audio Service'
}
1/10/2026, 12:22:49 PM GMT+1 0: 

----------------------------------------------
1/10/2026, 12:22:49 PM GMT+1 1: Discord starting: {"releaseChannel":"stable","version":"0.0.119"}, modulepath: /home/michaels/.config/discord/0.0.119/modules
1/10/2026, 12:22:49 PM GMT+1 2: ✅ webContents.created web1 ""
1/10/2026, 12:22:49 PM GMT+1 3: ✅ window.created win1 "discord"
1/10/2026, 12:22:49 PM GMT+1 4: ✅ webContents.did-finish-load web1
1/10/2026, 12:22:49 PM GMT+1 5: ✅ webContents.created web2 ""
1/10/2026, 12:22:49 PM GMT+1 6: ✅ window.created win2 "Discord"
1/10/2026, 12:22:51 PM GMT+1 7: ✅ webContents.did-finish-load web2
1/10/2026, 12:22:51 PM GMT+1 8: window.close win1
1/10/2026, 12:22:51 PM GMT+1 9: webContents.destroyed web1
1/10/2026, 12:22:51 PM GMT+1 10: window.closed win1
1/11/2026, 1:12:12 AM GMT+1 11: before-quit
1/11/2026, 1:12:12 AM GMT+1 12: window.close win2
1/11/2026, 1:12:12 AM GMT+1 13: ❌ child-process-gone {
  type: 'Utility',
  reason: 'killed',
  exitCode: 15,
  serviceName: 'video_capture.mojom.VideoCaptureService',
  name: 'Video Capture'
}
1/11/2026, 4:04:27 PM GMT+1 0: 

----------------------------------------------
1/11/2026, 4:04:27 PM GMT+1 1: Discord starting: {"releaseChannel":"stable","version":"0.0.119"}, modulepath: /home/michaels/.config/discord/0.0.119/modules
1/11/2026, 4:04:27 PM GMT+1 2: ✅ webContents.created web1 ""
1/11/2026, 4:04:27 PM GMT+1 3: ✅ window.created win1 "discord"
1/11/2026, 4:04:27 PM GMT+1 4: ✅ webContents.did-finish-load web1
1/11/2026, 4:04:28 PM GMT+1 5: ✅ webContents.created web2 ""
1/11/2026, 4:04:28 PM GMT+1 6: ✅ window.created win2 "Discord"
1/11/2026, 4:04:28 PM GMT+1 7: ✅ webContents.did-finish-load web2
1/11/2026, 4:04:29 PM GMT+1 8: window.close win1
1/11/2026, 4:04:29 PM GMT+1 9: webContents.destroyed web1
1/11/2026, 4:04:29 PM GMT+1 10: window.closed win1
1/11/2026, 10:54:22 PM GMT+1 11: before-quit
1/12/2026, 9:17:54 PM GMT+1 0: 

----------------------------------------------
1/12/2026, 9:17:54 PM GMT+1 1: Discord starting: {"releaseChannel":"stable","version":"0.0.119"}, modulepath: /home/michaels/.config/discord/0.0.119/modules
1/12/2026, 9:17:54 PM GMT+1 2: ✅ webContents.created web1 ""
1/12/2026, 9:17:54 PM GMT+1 3: ✅ window.created win1 "discord"
1/12/2026, 9:17:54 PM GMT+1 4: ✅ webContents.did-finish-load web1
1/12/2026, 9:18:11 PM GMT+1 5: before-quit
1/12/2026, 9:18:11 PM GMT+1 6: window.close win1
1/12/2026, 9:18:21 PM GMT+1 0: 

----------------------------------------------
1/12/2026, 9:18:21 PM GMT+1 1: Discord starting: {"releaseChannel":"stable","version":"0.0.119"}, modulepath: /home/michaels/.config/discord/0.0.119/modules
1/12/2026, 9:18:21 PM GMT+1 2: ✅ webContents.created web1 ""
1/12/2026, 9:18:21 PM GMT+1 3: ✅ window.created win1 "discord"
1/12/2026, 9:18:21 PM GMT+1 4: ✅ webContents.did-finish-load web1
1/12/2026, 9:18:26 PM GMT+1 5: window.close win1
1/12/2026, 9:18:26 PM GMT+1 6: webContents.destroyed web1
1/12/2026, 9:24:50 PM GMT+1 0: 

----------------------------------------------
1/12/2026, 9:24:50 PM GMT+1 1: Discord starting: {"releaseChannel":"stable","version":"0.0.119"}, modulepath: /home/michaels/.config/discord/0.0.119/modules
1/12/2026, 9:24:50 PM GMT+1 2: ✅ webContents.created web1 ""
1/12/2026, 9:24:50 PM GMT+1 3: ✅ window.created win1 "discord"
1/12/2026, 9:24:50 PM GMT+1 4: ✅ webContents.did-finish-load web1
1/12/2026, 9:25:00 PM GMT+1 5: before-quit
1/12/2026, 9:25:00 PM GMT+1 6: window.close win1
1/12/2026, 9:26:50 PM GMT+1 0: 

----------------------------------------------
1/12/2026, 9:26:50 PM GMT+1 1: Discord starting: {"releaseChannel":"stable","version":"0.0.119"}, modulepath: /home/michaels/.config/discord/0.0.119/modules
1/12/2026, 9:26:50 PM GMT+1 2: ✅ webContents.created web1 ""
1/12/2026, 9:26:50 PM GMT+1 3: ✅ window.created win1 "discord"
1/12/2026, 9:26:50 PM GMT+1 4: ✅ webContents.did-finish-load web1
1/12/2026, 9:28:36 PM GMT+1 5: before-quit
1/12/2026, 9:28:36 PM GMT+1 6: window.close win1
1/12/2026, 9:28:41 PM GMT+1 0: 

----------------------------------------------
1/12/2026, 9:28:41 PM GMT+1 1: Discord starting: {"releaseChannel":"stable","version":"0.0.119"}, modulepath: /home/michaels/.config/discord/0.0.119/modules
1/12/2026, 9:28:41 PM GMT+1 2: ✅ webContents.created web1 ""
1/12/2026, 9:28:41 PM GMT+1 3: ✅ window.created win1 "discord"
1/12/2026, 9:28:41 PM GMT+1 4: ✅ webContents.did-finish-load web1
1/12/2026, 9:28:48 PM GMT+1 5: window.close win1
1/12/2026, 9:28:48 PM GMT+1 6: webContents.destroyed web1
1/12/2026, 9:31:05 PM GMT+1 0: 

----------------------------------------------
1/12/2026, 9:31:05 PM GMT+1 1: Discord starting: {"releaseChannel":"stable","version":"0.0.119"}, modulepath: /home/michaels/.config/discord/0.0.119/modules
1/12/2026, 9:31:05 PM GMT+1 2: ✅ webContents.created web1 ""
1/12/2026, 9:31:05 PM GMT+1 3: ✅ window.created win1 "discord"
1/12/2026, 9:31:05 PM GMT+1 4: ✅ webContents.did-finish-load web1
1/12/2026, 9:31:08 PM GMT+1 5: window.close win1
1/12/2026, 9:31:08 PM GMT+1 6: webContents.destroyed web1
